<?xml version="1.0" encoding="UTF-8"?>
<testng-results skipped="0" failed="0" ignored="0" total="0" passed="0">
  <reporter-output>
  </reporter-output>
  <suite name="Suite" duration-ms="13" started-at="2019-09-03T15:33:02Z" finished-at="2019-09-03T15:33:02Z">
    <groups>
    </groups>
    <test name="Test" duration-ms="13" started-at="2019-09-03T15:33:02Z" finished-at="2019-09-03T15:33:02Z">
      <class name="Testbase.TestBase">
        <test-method status="PASS" signature="initialize()[pri:0, instance:Testbase.TestBase@3532ec19]" name="initialize" is-config="true" duration-ms="8457" started-at="2019-09-03T15:32:53Z" finished-at="2019-09-03T15:33:02Z">
          <reporter-output>
          </reporter-output>
        </test-method> <!-- initialize -->
      </class> <!-- Testbase.TestBase -->
    </test> <!-- Test -->
  </suite> <!-- Suite -->
</testng-results>
